android/GotchuReviews/app/build/intermediates/manifest_merge_blame_file/debug/processDebugMainManifest/manifest-merger-blame-debug-report.txt
1<?xml version="1.0" encoding="utf-8"?>
2<manifest xmlns:android="http://schemas.android.com/apk/res/android"
3    package="com.gotchureviews.app"
4    android:versionCode="1"
5    android:versionName="1.0.0" >
6
7    <uses-sdk
8        android:minSdkVersion="26"
9        android:targetSdkVersion="35" />
10
11    <uses-permission android:name="android.permission.INTERNET" />
11-->src/main/AndroidManifest.xml:4:5-67
11-->src/main/AndroidManifest.xml:4:22-64
12    <uses-permission android:name="android.permission.CAMERA" />
12-->src/main/AndroidManifest.xml:5:5-65
12-->src/main/AndroidManifest.xml:5:22-62
13
14    <uses-feature
14-->src/main/AndroidManifest.xml:7:5-9:36
15        android:name="android.hardware.camera"
15-->src/main/AndroidManifest.xml:8:9-47
16        android:required="false" />
16-->src/main/AndroidManifest.xml:9:9-33
17
18    <uses-permission android:name="android.permission.USE_BIOMETRIC" /> <!-- suppress DeprecatedClassUsageInspection -->
18-->[androidx.biometric:biometric:1.4.0-alpha02] AndroidManifest.xml:22:5-72
18-->[androidx.biometric:biometric:1.4.0-alpha02] AndroidManifest.xml:22:22-69
19    <uses-permission android:name="android.permission.USE_FINGERPRINT" />
19-->[androidx.biometric:biometric:1.4.0-alpha02] AndroidManifest.xml:25:5-74
19-->[androidx.biometric:biometric:1.4.0-alpha02] AndroidManifest.xml:25:22-71
20
21    <permission
21-->[androidx.core:core:1.15.0] AndroidManifest.xml:22:5-24:47
22        android:name="com.gotchureviews.app.DYNAMIC_RECEIVER_NOT_EXPORTED_PERMISSION"
22-->[androidx.core:core:1.15.0] AndroidManifest.xml:23:9-81
23        android:protectionLevel="signature" />
23-->[androidx.core:core:1.15.0] AndroidManifest.xml:24:9-44
24
25    <uses-permission android:name="com.gotchureviews.app.DYNAMIC_RECEIVER_NOT_EXPORTED_PERMISSION" />
25-->[androidx.core:core:1.15.0] AndroidManifest.xml:26:5-97
25-->[androidx.core:core:1.15.0] AndroidManifest.xml:26:22-94
26
27    <application
27-->src/main/AndroidManifest.xml:11:5-38:19
28        android:name="com.gotchureviews.app.GotchuReviewsApp"
28-->src/main/AndroidManifest.xml:12:9-41
29        android:allowBackup="true"
29-->src/main/AndroidManifest.xml:13:9-35
30        android:appComponentFactory="androidx.core.app.CoreComponentFactory"
30-->[androidx.core:core:1.15.0] AndroidManifest.xml:28:18-86
31        android:debuggable="true"
32        android:extractNativeLibs="false"
33        android:icon="@mipmap/ic_launcher"
33-->src/main/AndroidManifest.xml:14:9-43
34        android:label="@string/app_name"
34-->src/main/AndroidManifest.xml:15:9-41
35        android:supportsRtl="true"
35-->src/main/AndroidManifest.xml:16:9-35
36        android:testOnly="true"
37        android:theme="@style/Theme.GotchuReviews" >
37-->src/main/AndroidManifest.xml:17:9-51
38        <activity
38-->src/main/AndroidManifest.xml:19:9-27:20
39            android:name="com.gotchureviews.app.MainActivity"
39-->src/main/AndroidManifest.xml:20:13-41
40            android:exported="true"
40-->src/main/AndroidManifest.xml:21:13-36
41            android:theme="@style/Theme.GotchuReviews" >
41-->src/main/AndroidManifest.xml:22:13-55
42            <intent-filter>
42-->src/main/AndroidManifest.xml:23:13-26:29
43                <action android:name="android.intent.action.MAIN" />
43-->src/main/AndroidManifest.xml:24:17-69
43-->src/main/AndroidManifest.xml:24:25-66
44
45                <category android:name="android.intent.category.LAUNCHER" />
45-->src/main/AndroidManifest.xml:25:17-77
45-->src/main/AndroidManifest.xml:25:27-74
46            </intent-filter>
47        </activity>
48
49        <provider
50            android:name="androidx.core.content.FileProvider"
50-->src/main/AndroidManifest.xml:30:13-62
51            android:authorities="com.gotchureviews.app.fileprovider"
51-->src/main/AndroidManifest.xml:31:13-64
52            android:exported="false"
52-->src/main/AndroidManifest.xml:32:13-37
53            android:grantUriPermissions="true" >
53-->src/main/AndroidManifest.xml:33:13-47
54            <meta-data
54-->src/main/AndroidManifest.xml:34:13-36:54
55                android:name="android.support.FILE_PROVIDER_PATHS"
55-->src/main/AndroidManifest.xml:35:17-67
56                android:resource="@xml/file_paths" />
56-->src/main/AndroidManifest.xml:36:17-51
57        </provider>
58
59        <service
59-->[androidx.credentials:credentials-play-services-auth:1.5.0-alpha05] AndroidManifest.xml:24:9-32:19
60            android:name="androidx.credentials.playservices.CredentialProviderMetadataHolder"
60-->[androidx.credentials:credentials-play-services-auth:1.5.0-alpha05] AndroidManifest.xml:25:13-94
61            android:enabled="true"
61-->[androidx.credentials:credentials-play-services-auth:1.5.0-alpha05] AndroidManifest.xml:26:13-35
62            android:exported="false" >
62-->[androidx.credentials:credentials-play-services-auth:1.5.0-alpha05] AndroidManifest.xml:27:13-37
63            <meta-data
63-->[androidx.credentials:credentials-play-services-auth:1.5.0-alpha05] AndroidManifest.xml:29:13-31:104
64                android:name="androidx.credentials.CREDENTIAL_PROVIDER_KEY"
64-->[androidx.credentials:credentials-play-services-auth:1.5.0-alpha05] AndroidManifest.xml:30:17-76
65                android:value="androidx.credentials.playservices.CredentialProviderPlayServicesImpl" />
65-->[androidx.credentials:credentials-play-services-auth:1.5.0-alpha05] AndroidManifest.xml:31:17-101
66        </service>
67
68        <activity
68-->[androidx.credentials:credentials-play-services-auth:1.5.0-alpha05] AndroidManifest.xml:34:9-41:20
69            android:name="androidx.credentials.playservices.HiddenActivity"
69-->[androidx.credentials:credentials-play-services-auth:1.5.0-alpha05] AndroidManifest.xml:35:13-76
70            android:configChanges="orientation|screenSize|screenLayout|keyboardHidden"
70-->[androidx.credentials:credentials-play-services-auth:1.5.0-alpha05] AndroidManifest.xml:36:13-87
71            android:enabled="true"
71-->[androidx.credentials:credentials-play-services-auth:1.5.0-alpha05] AndroidManifest.xml:37:13-35
72            android:exported="false"
72-->[androidx.credentials:credentials-play-services-auth:1.5.0-alpha05] AndroidManifest.xml:38:13-37
73            android:fitsSystemWindows="true"
73-->[androidx.credentials:credentials-play-services-auth:1.5.0-alpha05] AndroidManifest.xml:39:13-45
74            android:theme="@style/Theme.Hidden" >
74-->[androidx.credentials:credentials-play-services-auth:1.5.0-alpha05] AndroidManifest.xml:40:13-48
75        </activity>
76        <activity
76-->[androidx.credentials:credentials-play-services-auth:1.5.0-alpha05] AndroidManifest.xml:42:9-49:20
77            android:name="androidx.credentials.playservices.IdentityCredentialApiHiddenActivity"
77-->[androidx.credentials:credentials-play-services-auth:1.5.0-alpha05] AndroidManifest.xml:43:13-97
78            android:configChanges="orientation|screenSize|screenLayout|keyboardHidden"
78-->[androidx.credentials:credentials-play-services-auth:1.5.0-alpha05] AndroidManifest.xml:44:13-87
79            android:enabled="true"
79-->[androidx.credentials:credentials-play-services-auth:1.5.0-alpha05] AndroidManifest.xml:45:13-35
80            android:exported="false"
80-->[androidx.credentials:credentials-play-services-auth:1.5.0-alpha05] AndroidManifest.xml:46:13-37
81            android:fitsSystemWindows="true"
81-->[androidx.credentials:credentials-play-services-auth:1.5.0-alpha05] AndroidManifest.xml:47:13-45
82            android:theme="@style/Theme.Hidden" >
82-->[androidx.credentials:credentials-play-services-auth:1.5.0-alpha05] AndroidManifest.xml:48:13-48
83        </activity>
84        <activity
84-->[com.google.android.gms:play-services-auth:21.1.1] AndroidManifest.xml:23:9-27:75
85            android:name="com.google.android.gms.auth.api.signin.internal.SignInHubActivity"
85-->[com.google.android.gms:play-services-auth:21.1.1] AndroidManifest.xml:24:13-93
86            android:excludeFromRecents="true"
86-->[com.google.android.gms:play-services-auth:21.1.1] AndroidManifest.xml:25:13-46
87            android:exported="false"
87-->[com.google.android.gms:play-services-auth:21.1.1] AndroidManifest.xml:26:13-37
88            android:theme="@android:style/Theme.Translucent.NoTitleBar" />
88-->[com.google.android.gms:play-services-auth:21.1.1] AndroidManifest.xml:27:13-72
89        <!--
90            Service handling Google Sign-In user revocation. For apps that do not integrate with
91            Google Sign-In, this service will never be started.
92        -->
93        <service
93-->[com.google.android.gms:play-services-auth:21.1.1] AndroidManifest.xml:33:9-37:51
94            android:name="com.google.android.gms.auth.api.signin.RevocationBoundService"
94-->[com.google.android.gms:play-services-auth:21.1.1] AndroidManifest.xml:34:13-89
95            android:exported="true"
95-->[com.google.android.gms:play-services-auth:21.1.1] AndroidManifest.xml:35:13-36
96            android:permission="com.google.android.gms.auth.api.signin.permission.REVOCATION_NOTIFICATION"
96-->[com.google.android.gms:play-services-auth:21.1.1] AndroidManifest.xml:36:13-107
97            android:visibleToInstantApps="true" />
97-->[com.google.android.gms:play-services-auth:21.1.1] AndroidManifest.xml:37:13-48
98
99        <activity
99-->[com.google.android.gms:play-services-base:18.5.0] AndroidManifest.xml:5:9-173
100            android:name="com.google.android.gms.common.api.GoogleApiActivity"
100-->[com.google.android.gms:play-services-base:18.5.0] AndroidManifest.xml:5:19-85
101            android:exported="false"
101-->[com.google.android.gms:play-services-base:18.5.0] AndroidManifest.xml:5:146-170
102            android:theme="@android:style/Theme.Translucent.NoTitleBar" />
102-->[com.google.android.gms:play-services-base:18.5.0] AndroidManifest.xml:5:86-145
103
104        <meta-data
104-->[com.google.android.gms:play-services-basement:18.4.0] AndroidManifest.xml:6:9-122
105            android:name="com.google.android.gms.version"
105-->[com.google.android.gms:play-services-basement:18.4.0] AndroidManifest.xml:6:20-65
106            android:value="@integer/google_play_services_version" />
106-->[com.google.android.gms:play-services-basement:18.4.0] AndroidManifest.xml:6:66-119
107
108        <activity
108-->[androidx.compose.ui:ui-tooling-android:1.7.6] AndroidManifest.xml:23:9-25:39
109            android:name="androidx.compose.ui.tooling.PreviewActivity"
109-->[androidx.compose.ui:ui-tooling-android:1.7.6] AndroidManifest.xml:24:13-71
110            android:exported="true" />
110-->[androidx.compose.ui:ui-tooling-android:1.7.6] AndroidManifest.xml:25:13-36
111
112        <provider
112-->[androidx.emoji2:emoji2:1.3.0] AndroidManifest.xml:24:9-32:20
113            android:name="androidx.startup.InitializationProvider"
113-->[androidx.emoji2:emoji2:1.3.0] AndroidManifest.xml:25:13-67
114            android:authorities="com.gotchureviews.app.androidx-startup"
114-->[androidx.emoji2:emoji2:1.3.0] AndroidManifest.xml:26:13-68
115            android:exported="false" >
115-->[androidx.emoji2:emoji2:1.3.0] AndroidManifest.xml:27:13-37
116            <meta-data
116-->[androidx.emoji2:emoji2:1.3.0] AndroidManifest.xml:29:13-31:52
117                android:name="androidx.emoji2.text.EmojiCompatInitializer"
117-->[androidx.emoji2:emoji2:1.3.0] AndroidManifest.xml:30:17-75
118                android:value="androidx.startup" />
118-->[androidx.emoji2:emoji2:1.3.0] AndroidManifest.xml:31:17-49
119            <meta-data
119-->[androidx.lifecycle:lifecycle-process:2.8.7] AndroidManifest.xml:29:13-31:52
120                android:name="androidx.lifecycle.ProcessLifecycleInitializer"
120-->[androidx.lifecycle:lifecycle-process:2.8.7] AndroidManifest.xml:30:17-78
121                android:value="androidx.startup" />
121-->[androidx.lifecycle:lifecycle-process:2.8.7] AndroidManifest.xml:31:17-49
122            <meta-data
122-->[androidx.profileinstaller:profileinstaller:1.4.1] AndroidManifest.xml:29:13-31:52
123                android:name="androidx.profileinstaller.ProfileInstallerInitializer"
123-->[androidx.profileinstaller:profileinstaller:1.4.1] AndroidManifest.xml:30:17-85
124                android:value="androidx.startup" />
124-->[androidx.profileinstaller:profileinstaller:1.4.1] AndroidManifest.xml:31:17-49
125        </provider>
126
127        <receiver
127-->[androidx.profileinstaller:profileinstaller:1.4.1] AndroidManifest.xml:34:9-52:20
128            android:name="androidx.profileinstaller.ProfileInstallReceiver"
128-->[androidx.profileinstaller:profileinstaller:1.4.1] AndroidManifest.xml:35:13-76
129            android:directBootAware="false"
129-->[androidx.profileinstaller:profileinstaller:1.4.1] AndroidManifest.xml:36:13-44
130            android:enabled="true"
130-->[androidx.profileinstaller:profileinstaller:1.4.1] AndroidManifest.xml:37:13-35
131            android:exported="true"
131-->[androidx.profileinstaller:profileinstaller:1.4.1] AndroidManifest.xml:38:13-36
132            android:permission="android.permission.DUMP" >
132-->[androidx.profileinstaller:profileinstaller:1.4.1] AndroidManifest.xml:39:13-57
133            <intent-filter>
133-->[androidx.profileinstaller:profileinstaller:1.4.1] AndroidManifest.xml:40:13-42:29
134                <action android:name="androidx.profileinstaller.action.INSTALL_PROFILE" />
134-->[androidx.profileinstaller:profileinstaller:1.4.1] AndroidManifest.xml:41:17-91
134-->[androidx.profileinstaller:profileinstaller:1.4.1] AndroidManifest.xml:41:25-88
135            </intent-filter>
136            <intent-filter>
136-->[androidx.profileinstaller:profileinstaller:1.4.1] AndroidManifest.xml:43:13-45:29
137                <action android:name="androidx.profileinstaller.action.SKIP_FILE" />
137-->[androidx.profileinstaller:profileinstaller:1.4.1] AndroidManifest.xml:44:17-85
137-->[androidx.profileinstaller:profileinstaller:1.4.1] AndroidManifest.xml:44:25-82
138            </intent-filter>
139            <intent-filter>
139-->[androidx.profileinstaller:profileinstaller:1.4.1] AndroidManifest.xml:46:13-48:29
140                <action android:name="androidx.profileinstaller.action.SAVE_PROFILE" />
140-->[androidx.profileinstaller:profileinstaller:1.4.1] AndroidManifest.xml:47:17-88
140-->[androidx.profileinstaller:profileinstaller:1.4.1] AndroidManifest.xml:47:25-85
141            </intent-filter>
142            <intent-filter>
142-->[androidx.profileinstaller:profileinstaller:1.4.1] AndroidManifest.xml:49:13-51:29
143                <action android:name="androidx.profileinstaller.action.BENCHMARK_OPERATION" />
143-->[androidx.profileinstaller:profileinstaller:1.4.1] AndroidManifest.xml:50:17-95
143-->[androidx.profileinstaller:profileinstaller:1.4.1] AndroidManifest.xml:50:25-92
144            </intent-filter>
145        </receiver>
146    </application>
147
148</manifest>